<?xml version="1.0" encoding="UTF-8"?>
<coverage generated="1671510791791" clover="3.2.0">
  <project timestamp="1671510791791" name="All files">
    <metrics statements="14" coveredstatements="14" conditionals="0" coveredconditionals="0" methods="5" coveredmethods="5" elements="19" coveredelements="19" complexity="0" loc="14" ncloc="14" packages="1" files="5" classes="5"/>
    <file name="App.js" path="F:\appProjects\jest-test-cases-main\App.js">
      <metrics statements="2" coveredstatements="2" conditionals="0" coveredconditionals="0" methods="1" coveredmethods="1"/>
      <line num="55" count="2" type="stmt"/>
      <line num="80" count="1" type="stmt"/>
    </file>
    <file name="Sum.js" path="F:\appProjects\jest-test-cases-main\Sum.js">
      <metrics statements="3" coveredstatements="3" conditionals="0" coveredconditionals="0" methods="1" coveredmethods="1"/>
      <line num="1" count="1" type="stmt"/>
      <line num="2" count="1" type="stmt"/>
      <line num="5" count="1" type="stmt"/>
    </file>
    <file name="devide.js" path="F:\appProjects\jest-test-cases-main\devide.js">
      <metrics statements="3" coveredstatements="3" conditionals="0" coveredconditionals="0" methods="1" coveredmethods="1"/>
      <line num="1" count="1" type="stmt"/>
      <line num="2" count="1" type="stmt"/>
      <line num="5" count="1" type="stmt"/>
    </file>
    <file name="minus.js" path="F:\appProjects\jest-test-cases-main\minus.js">
      <metrics statements="3" coveredstatements="3" conditionals="0" coveredconditionals="0" methods="1" coveredmethods="1"/>
      <line num="1" count="1" type="stmt"/>
      <line num="2" count="1" type="stmt"/>
      <line num="5" count="1" type="stmt"/>
    </file>
    <file name="multiply.js" path="F:\appProjects\jest-test-cases-main\multiply.js">
      <metrics statements="3" coveredstatements="3" conditionals="0" coveredconditionals="0" methods="1" coveredmethods="1"/>
      <line num="1" count="1" type="stmt"/>
      <line num="2" count="1" type="stmt"/>
      <line num="5" count="1" type="stmt"/>
    </file>
  </project>
</coverage>
