{"F:\\appProjects\\jest-test-cases-main\\App.js": {"path":"F:\\appProjects\\jest-test-cases-main\\App.js","statementMap":{"0":{"start":{"line":55,"column":2},"end":{"line":77,"column":4}},"1":{"start":{"line":80,"column":15},"end":{"line":87,"column":2}}},"fnMap":{"0":{"name":"App","decl":{"start":{"line":20,"column":24},"end":{"line":20,"column":27}},"loc":{"start":{"line":20,"column":30},"end":{"line":78,"column":1}},"line":20}},"branchMap":{},"s":{"0":2,"1":1},"f":{"0":2},"b":{},"_coverageSchema":"1a1c01bbd47fc00a2c39e90264f33305004495a9","hash":"5795679b2b8197fe5ae504e142ca35bc1c1c6410"}
,"F:\\appProjects\\jest-test-cases-main\\Sum.js": {"path":"F:\\appProjects\\jest-test-cases-main\\Sum.js","statementMap":{"0":{"start":{"line":1,"column":0},"end":{"line":3,"column":1}},"1":{"start":{"line":2,"column":0},"end":{"line":2,"column":11}},"2":{"start":{"line":5,"column":0},"end":{"line":5,"column":19}}},"fnMap":{"0":{"name":"(anonymous_0)","decl":{"start":{"line":1,"column":4},"end":{"line":1,"column":5}},"loc":{"start":{"line":1,"column":11},"end":{"line":3,"column":1}},"line":1}},"branchMap":{},"s":{"0":1,"1":1,"2":1},"f":{"0":1},"b":{},"_coverageSchema":"1a1c01bbd47fc00a2c39e90264f33305004495a9","hash":"928b7bad92d94b517f25635953d3a4031cb3c7f1"}
,"F:\\appProjects\\jest-test-cases-main\\devide.js": {"path":"F:\\appProjects\\jest-test-cases-main\\devide.js","statementMap":{"0":{"start":{"line":1,"column":0},"end":{"line":3,"column":1}},"1":{"start":{"line":2,"column":0},"end":{"line":2,"column":11}},"2":{"start":{"line":5,"column":0},"end":{"line":5,"column":22}}},"fnMap":{"0":{"name":"(anonymous_0)","decl":{"start":{"line":1,"column":7},"end":{"line":1,"column":8}},"loc":{"start":{"line":1,"column":14},"end":{"line":3,"column":1}},"line":1}},"branchMap":{},"s":{"0":1,"1":1,"2":1},"f":{"0":1},"b":{},"_coverageSchema":"1a1c01bbd47fc00a2c39e90264f33305004495a9","hash":"e74541c3ca1edf8bbf9cfa8f0c9d014c97cb8a7e"}
,"F:\\appProjects\\jest-test-cases-main\\minus.js": {"path":"F:\\appProjects\\jest-test-cases-main\\minus.js","statementMap":{"0":{"start":{"line":1,"column":0},"end":{"line":3,"column":1}},"1":{"start":{"line":2,"column":0},"end":{"line":2,"column":11}},"2":{"start":{"line":5,"column":0},"end":{"line":5,"column":21}}},"fnMap":{"0":{"name":"(anonymous_0)","decl":{"start":{"line":1,"column":6},"end":{"line":1,"column":7}},"loc":{"start":{"line":1,"column":13},"end":{"line":3,"column":1}},"line":1}},"branchMap":{},"s":{"0":1,"1":1,"2":1},"f":{"0":1},"b":{},"_coverageSchema":"1a1c01bbd47fc00a2c39e90264f33305004495a9","hash":"340c98dae85c9d13c7526981a8acfb32b61987ac"}
,"F:\\appProjects\\jest-test-cases-main\\multiply.js": {"path":"F:\\appProjects\\jest-test-cases-main\\multiply.js","statementMap":{"0":{"start":{"line":1,"column":0},"end":{"line":3,"column":1}},"1":{"start":{"line":2,"column":0},"end":{"line":2,"column":11}},"2":{"start":{"line":5,"column":0},"end":{"line":5,"column":24}}},"fnMap":{"0":{"name":"(anonymous_0)","decl":{"start":{"line":1,"column":9},"end":{"line":1,"column":10}},"loc":{"start":{"line":1,"column":16},"end":{"line":3,"column":1}},"line":1}},"branchMap":{},"s":{"0":1,"1":1,"2":1},"f":{"0":1},"b":{},"_coverageSchema":"1a1c01bbd47fc00a2c39e90264f33305004495a9","hash":"56ce472b0a19bda7810372195300fd5dc2ac64fa"}
}
